<?xml version="1.0" encoding="UTF-8"?>
<testsuite xmlns:xsi="http://www.w3.org/2001/XMLSchema-instance" xsi:noNamespaceSchemaLocation="https://maven.apache.org/surefire/maven-surefire-plugin/xsd/surefire-test-report.xsd" version="3.0.2" name="com.assignment2.BSTTest" time="0.223" tests="4" errors="0" skipped="0" failures="0">
  <properties>
[...]
</properties>
  <testcase name="testContains" classname="com.assignment2.BSTTest" time="0.173">
    <system-out><![CDATA[14:16:00.541 [main] DEBUG com.assignment2.BST -- Inserting into BST value : 1 
14:16:00.541 [main] DEBUG com.assignment2.BST -- Inserting into BST value : 2 
14:16:00.541 [main] DEBUG com.assignment2.BST -- Inserting 2 as child of 1 
14:16:00.541 [main] DEBUG com.assignment2.BST -- Insert completed successfully for value: 2
14:16:00.541 [main] DEBUG com.assignment2.BST -- Inserting into BST value : 3 
14:16:00.541 [main] DEBUG com.assignment2.BST -- Inserting 3 as child of 2 
14:16:00.541 [main] DEBUG com.assignment2.BST -- Insert completed successfully for value: 3
14:16:00.541 [main] DEBUG com.assignment2.BST -- Inserting into BST value : 4 
14:16:00.541 [main] DEBUG com.assignment2.BST -- Inserting 4 as child of 3 
14:16:00.541 [main] DEBUG com.assignment2.BST -- Insert completed successfully for value: 4
14:16:00.541 [main] DEBUG com.assignment2.BST -- Inserting into BST value : 5 
14:16:00.541 [main] DEBUG com.assignment2.BST -- Inserting 5 as child of 4 
14:16:00.541 [main] DEBUG com.assignment2.BST -- Insert completed successfully for value: 5
14:16:00.541 [main] DEBUG com.assignment2.BST -- Inserting into BST value : 10 
14:16:00.541 [main] DEBUG com.assignment2.BST -- Inserting 10 as child of 5 
14:16:00.541 [main] DEBUG com.assignment2.BST -- Insert completed successfully for value: 10
14:16:00.541 [main] DEBUG com.assignment2.BST -- Inserting into BST value : 20 
14:16:00.541 [main] DEBUG com.assignment2.BST -- Inserting 20 as child of 10 
14:16:00.541 [main] DEBUG com.assignment2.BST -- Insert completed successfully for value: 20
14:16:00.541 [main] DEBUG com.assignment2.BST -- Inserting into BST value : 30 
14:16:00.541 [main] DEBUG com.assignment2.BST -- Inserting 30 as child of 20 
14:16:00.541 [main] DEBUG com.assignment2.BST -- Insert completed successfully for value: 30
14:16:00.541 [main] DEBUG com.assignment2.BST -- Inserting into BST value : 40 
14:16:00.541 [main] DEBUG com.assignment2.BST -- Inserting 40 as child of 30 
14:16:00.541 [main] DEBUG com.assignment2.BST -- Insert completed successfully for value: 40
14:16:00.541 [main] DEBUG com.assignment2.BST -- Inserting into BST value : 50 
14:16:00.541 [main] DEBUG com.assignment2.BST -- Inserting 50 as child of 40 
14:16:00.541 [main] DEBUG com.assignment2.BST -- Insert completed successfully for value: 50
14:16:00.541 [main] DEBUG com.assignment2.BST -- Checking if tree contains value: 20
14:16:00.541 [main] DEBUG com.assignment2.BST -- Value 20 found in tree
14:16:00.541 [main] DEBUG com.assignment2.BST -- Checking if tree contains value: 10
14:16:00.541 [main] DEBUG com.assignment2.BST -- Value 10 found in tree
14:16:00.541 [main] DEBUG com.assignment2.BST -- Checking if tree contains value: 30
14:16:00.541 [main] DEBUG com.assignment2.BST -- Value 30 found in tree
14:16:00.541 [main] DEBUG com.assignment2.BST -- Checking if tree contains value: 40
14:16:00.541 [main] DEBUG com.assignment2.BST -- Value 40 found in tree
14:16:00.541 [main] DEBUG com.assignment2.BST -- Checking if tree contains value: 50
14:16:00.541 [main] DEBUG com.assignment2.BST -- Value 50 found in tree
14:16:00.541 [main] DEBUG com.assignment2.BST -- Checking if tree contains value: 1
14:16:00.541 [main] DEBUG com.assignment2.BST -- Value 1 found in tree
14:16:00.541 [main] DEBUG com.assignment2.BST -- Checking if tree contains value: 2
14:16:00.541 [main] DEBUG com.assignment2.BST -- Value 2 found in tree
14:16:00.541 [main] DEBUG com.assignment2.BST -- Checking if tree contains value: 3
14:16:00.541 [main] DEBUG com.assignment2.BST -- Value 3 found in tree
14:16:00.541 [main] DEBUG com.assignment2.BST -- Checking if tree contains value: 4
14:16:00.541 [main] DEBUG com.assignment2.BST -- Value 4 found in tree
14:16:00.541 [main] DEBUG com.assignment2.BST -- Checking if tree contains value: 5
14:16:00.541 [main] DEBUG com.assignment2.BST -- Value 5 found in tree
14:16:00.541 [main] DEBUG com.assignment2.BST -- Checking if tree contains value: 7
14:16:00.541 [main] DEBUG com.assignment2.BST -- Value 7 not found in tree
14:16:00.541 [main] DEBUG com.assignment2.BST -- Checking if tree contains value: 8
14:16:00.541 [main] DEBUG com.assignment2.BST -- Value 8 not found in tree
14:16:00.541 [main] DEBUG com.assignment2.BST -- Checking if tree contains value: 9
14:16:00.541 [main] DEBUG com.assignment2.BST -- Value 9 not found in tree
14:16:00.541 [main] DEBUG com.assignment2.BST -- Checking if tree contains value: 11
14:16:00.541 [main] DEBUG com.assignment2.BST -- Value 11 not found in tree
14:16:00.541 [main] DEBUG com.assignment2.BST -- Checking if tree contains value: 12
14:16:00.541 [main] DEBUG com.assignment2.BST -- Value 12 not found in tree
14:16:00.541 [main] DEBUG com.assignment2.BST -- Checking if tree contains value: 13
14:16:00.541 [main] DEBUG com.assignment2.BST -- Value 13 not found in tree
14:16:00.541 [main] DEBUG com.assignment2.BST -- Checking if tree contains value: 101
14:16:00.541 [main] DEBUG com.assignment2.BST -- Value 101 not found in tree
14:16:00.541 [main] DEBUG com.assignment2.BST -- Checking if tree contains value: 102
14:16:00.541 [main] DEBUG com.assignment2.BST -- Value 102 not found in tree
14:16:00.541 [main] DEBUG com.assignment2.BST -- Checking if tree contains value: 103
14:16:00.555 [main] DEBUG com.assignment2.BST -- Value 103 not found in tree
]]></system-out>
  </testcase>
  <testcase name="testDelete" classname="com.assignment2.BSTTest" time="0.005">
    <system-out><![CDATA[14:16:00.572 [main] DEBUG com.assignment2.BST -- Inserting into BST value : 20 
14:16:00.573 [main] DEBUG com.assignment2.BST -- Inserting into BST value : 10 
14:16:00.573 [main] DEBUG com.assignment2.BST -- Inserting 10 as child of 20 
14:16:00.573 [main] DEBUG com.assignment2.BST -- Insert completed successfully for value: 10
14:16:00.573 [main] DEBUG com.assignment2.BST -- Inserting into BST value : 30 
14:16:00.573 [main] DEBUG com.assignment2.BST -- Inserting 30 as child of 20 
14:16:00.573 [main] DEBUG com.assignment2.BST -- Insert completed successfully for value: 30
14:16:00.573 [main] DEBUG com.assignment2.BST -- Inserting into BST value : 5 
14:16:00.573 [main] DEBUG com.assignment2.BST -- Inserting 5 as child of 10 
14:16:00.573 [main] DEBUG com.assignment2.BST -- Insert completed successfully for value: 5
14:16:00.573 [main] DEBUG com.assignment2.BST -- Inserting into BST value : 15 
14:16:00.573 [main] DEBUG com.assignment2.BST -- Inserting 15 as child of 10 
14:16:00.573 [main] DEBUG com.assignment2.BST -- Insert completed successfully for value: 15
14:16:00.573 [main] DEBUG com.assignment2.BST -- Deleting node 5 
14:16:00.573 [main] DEBUG com.assignment2.BST -- Value 5 already exists in tree
14:16:00.573 [main] DEBUG com.assignment2.BST -- Node 5 has no children
14:16:00.573 [main] DEBUG com.assignment2.BST -- Delete completed successfully for value: 5
14:16:00.573 [main] DEBUG com.assignment2.BST -- Checking if tree contains value: 5
14:16:00.573 [main] DEBUG com.assignment2.BST -- Value 5 not found in tree
14:16:00.574 [main] DEBUG com.assignment2.BST -- Inserting into BST value : 25 
14:16:00.574 [main] DEBUG com.assignment2.BST -- Inserting 25 as child of 30 
14:16:00.574 [main] DEBUG com.assignment2.BST -- Insert completed successfully for value: 25
14:16:00.574 [main] DEBUG com.assignment2.BST -- Deleting node 30 
14:16:00.574 [main] DEBUG com.assignment2.BST -- Value 30 already exists in tree
14:16:00.574 [main] DEBUG com.assignment2.BST -- Node 30 has Only left child
14:16:00.574 [main] DEBUG com.assignment2.BST -- Delete completed successfully for value: 30
14:16:00.575 [main] DEBUG com.assignment2.BST -- Checking if tree contains value: 25
14:16:00.575 [main] DEBUG com.assignment2.BST -- Value 25 found in tree
14:16:00.575 [main] DEBUG com.assignment2.BST -- Deleting node 10 
14:16:00.575 [main] DEBUG com.assignment2.BST -- Value 10 already exists in tree
14:16:00.575 [main] DEBUG com.assignment2.BST -- Node 10 has Only right child
14:16:00.575 [main] DEBUG com.assignment2.BST -- Delete completed successfully for value: 10
14:16:00.575 [main] DEBUG com.assignment2.BST -- Checking if tree contains value: 10
14:16:00.575 [main] DEBUG com.assignment2.BST -- Value 10 not found in tree
]]></system-out>
  </testcase>
  <testcase name="testInsert" classname="com.assignment2.BSTTest" time="0.004">
    <system-out><![CDATA[14:16:00.577 [main] DEBUG com.assignment2.BST -- Inserting into BST value : 1 
14:16:00.577 [main] DEBUG com.assignment2.BST -- Inserting into BST value : 2 
14:16:00.577 [main] DEBUG com.assignment2.BST -- Inserting 2 as child of 1 
14:16:00.577 [main] DEBUG com.assignment2.BST -- Insert completed successfully for value: 2
14:16:00.580 [main] DEBUG com.assignment2.BST -- Inserting into BST value : 3 
14:16:00.580 [main] DEBUG com.assignment2.BST -- Inserting 3 as child of 2 
14:16:00.580 [main] DEBUG com.assignment2.BST -- Insert completed successfully for value: 3
14:16:00.580 [main] DEBUG com.assignment2.BST -- Inserting into BST value : 4 
14:16:00.580 [main] DEBUG com.assignment2.BST -- Inserting 4 as child of 3 
14:16:00.580 [main] DEBUG com.assignment2.BST -- Insert completed successfully for value: 4
14:16:00.580 [main] DEBUG com.assignment2.BST -- Inserting into BST value : 5 
14:16:00.580 [main] DEBUG com.assignment2.BST -- Inserting 5 as child of 4 
14:16:00.580 [main] DEBUG com.assignment2.BST -- Insert completed successfully for value: 5
14:16:00.580 [main] DEBUG com.assignment2.BST -- Inserting into BST value : 6 
14:16:00.580 [main] DEBUG com.assignment2.BST -- Inserting 6 as child of 5 
14:16:00.580 [main] DEBUG com.assignment2.BST -- Insert completed successfully for value: 6
14:16:00.580 [main] DEBUG com.assignment2.BST -- Inserting into BST value : 6 
14:16:00.580 [main] DEBUG com.assignment2.BST -- Value 6 already exists in tree, ignoring
14:16:00.580 [main] DEBUG com.assignment2.BST -- Inserting into BST value : 5 
14:16:00.580 [main] DEBUG com.assignment2.BST -- Value 5 already exists in tree, ignoring
14:16:00.580 [main] DEBUG com.assignment2.BST -- Inserting into BST value : 4 
14:16:00.580 [main] DEBUG com.assignment2.BST -- Value 4 already exists in tree, ignoring
14:16:00.581 [main] DEBUG com.assignment2.BST -- Inserting into BST value : 3 
14:16:00.581 [main] DEBUG com.assignment2.BST -- Value 3 already exists in tree, ignoring
14:16:00.581 [main] DEBUG com.assignment2.BST -- Inserting into BST value : 2 
14:16:00.581 [main] DEBUG com.assignment2.BST -- Value 2 already exists in tree, ignoring
14:16:00.581 [main] DEBUG com.assignment2.BST -- Inserting into BST value : 1 
14:16:00.581 [main] DEBUG com.assignment2.BST -- Value 1 already exists in tree, ignoring
]]></system-out>
  </testcase>
  <testcase name="testInOrder" classname="com.assignment2.BSTTest" time="0.002">
    <system-out><![CDATA[14:16:00.583 [main] DEBUG com.assignment2.BST -- Inserting into BST value : 50 
14:16:00.583 [main] DEBUG com.assignment2.BST -- Inserting into BST value : 30 
14:16:00.583 [main] DEBUG com.assignment2.BST -- Inserting 30 as child of 50 
14:16:00.583 [main] DEBUG com.assignment2.BST -- Insert completed successfully for value: 30
14:16:00.583 [main] DEBUG com.assignment2.BST -- Inserting into BST value : 70 
14:16:00.583 [main] DEBUG com.assignment2.BST -- Inserting 70 as child of 50 
14:16:00.583 [main] DEBUG com.assignment2.BST -- Insert completed successfully for value: 70
14:16:00.583 [main] DEBUG com.assignment2.BST -- Inserting into BST value : 20 
14:16:00.583 [main] DEBUG com.assignment2.BST -- Inserting 20 as child of 30 
14:16:00.583 [main] DEBUG com.assignment2.BST -- Insert completed successfully for value: 20
14:16:00.583 [main] DEBUG com.assignment2.BST -- Inserting into BST value : 40 
14:16:00.583 [main] DEBUG com.assignment2.BST -- Inserting 40 as child of 30 
14:16:00.583 [main] DEBUG com.assignment2.BST -- Insert completed successfully for value: 40
14:16:00.583 [main] DEBUG com.assignment2.BST -- Inserting into BST value : 60 
14:16:00.583 [main] DEBUG com.assignment2.BST -- Inserting 60 as child of 70 
14:16:00.583 [main] DEBUG com.assignment2.BST -- Insert completed successfully for value: 60
14:16:00.583 [main] DEBUG com.assignment2.BST -- Inserting into BST value : 80 
14:16:00.583 [main] DEBUG com.assignment2.BST -- Inserting 80 as child of 70 
14:16:00.583 [main] DEBUG com.assignment2.BST -- Insert completed successfully for value: 80
14:16:00.583 [main] DEBUG com.assignment2.BST -- Inserting into BST value : 10 
14:16:00.583 [main] DEBUG com.assignment2.BST -- Inserting 10 as child of 20 
14:16:00.583 [main] DEBUG com.assignment2.BST -- Insert completed successfully for value: 10
14:16:00.583 [main] DEBUG com.assignment2.BST -- Inserting into BST value : 100 
14:16:00.583 [main] DEBUG com.assignment2.BST -- Inserting 100 as child of 80 
14:16:00.583 [main] DEBUG com.assignment2.BST -- Insert completed successfully for value: 100
14:16:00.584 [main] DEBUG com.assignment2.BST -- Inserting into BST value : 1 
14:16:00.584 [main] DEBUG com.assignment2.BST -- Inserting 1 as child of 10 
14:16:00.584 [main] DEBUG com.assignment2.BST -- Insert completed successfully for value: 1
]]></system-out>
  </testcase>
</testsuite>